2020-09-02 14:25:18.700  INFO 17324 --- [main] com.accenture.lkm.Application            : Starting Application on HDC2-L-8MQFQQ2 with PID 17324 (C:\Users\jagadish.sanjeevi\eclipse-workspace\MSDay4\1014_Rest_Controller_Logging_ELK\target\classes started by jagadish.sanjeevi in C:\Users\jagadish.sanjeevi\eclipse-workspace\MSDay4\1014_Rest_Controller_Logging_ELK)
2020-09-02 14:25:18.706  INFO 17324 --- [main] com.accenture.lkm.Application            : No active profile set, falling back to default profiles: default
2020-09-02 14:25:18.782  INFO 17324 --- [main] ationConfigEmbeddedWebApplicationContext : Refreshing org.springframework.boot.context.embedded.AnnotationConfigEmbeddedWebApplicationContext@3ae82350: startup date [Wed Sep 02 14:25:18 IST 2020]; root of context hierarchy
2020-09-02 14:25:20.892  INFO 17324 --- [main] s.b.c.e.t.TomcatEmbeddedServletContainer : Tomcat initialized with port(s): 8090 (http)
2020-09-02 14:25:20.912  INFO 17324 --- [main] o.apache.catalina.core.StandardService   : Starting service Tomcat
2020-09-02 14:25:20.914  INFO 17324 --- [main] org.apache.catalina.core.StandardEngine  : Starting Servlet Engine: Apache Tomcat/8.5.11
2020-09-02 14:25:21.165  INFO 17324 --- [localhost-startStop-1] o.a.c.c.C.[Tomcat].[localhost].[/]       : Initializing Spring embedded WebApplicationContext
2020-09-02 14:25:21.167  INFO 17324 --- [localhost-startStop-1] o.s.web.context.ContextLoader            : Root WebApplicationContext: initialization completed in 2386 ms
2020-09-02 14:25:21.509  INFO 17324 --- [localhost-startStop-1] o.s.b.w.servlet.ServletRegistrationBean  : Mapping servlet: 'dispatcherServlet' to [/]
2020-09-02 14:25:21.516  INFO 17324 --- [localhost-startStop-1] o.s.b.w.servlet.FilterRegistrationBean   : Mapping filter: 'characterEncodingFilter' to: [/*]
2020-09-02 14:25:21.517  INFO 17324 --- [localhost-startStop-1] o.s.b.w.servlet.FilterRegistrationBean   : Mapping filter: 'hiddenHttpMethodFilter' to: [/*]
2020-09-02 14:25:21.517  INFO 17324 --- [localhost-startStop-1] o.s.b.w.servlet.FilterRegistrationBean   : Mapping filter: 'httpPutFormContentFilter' to: [/*]
2020-09-02 14:25:21.517  INFO 17324 --- [localhost-startStop-1] o.s.b.w.servlet.FilterRegistrationBean   : Mapping filter: 'requestContextFilter' to: [/*]
2020-09-02 14:25:21.946  INFO 17324 --- [main] s.w.s.m.m.a.RequestMappingHandlerAdapter : Looking for @ControllerAdvice: org.springframework.boot.context.embedded.AnnotationConfigEmbeddedWebApplicationContext@3ae82350: startup date [Wed Sep 02 14:25:18 IST 2020]; root of context hierarchy
2020-09-02 14:25:22.075  INFO 17324 --- [main] s.w.s.m.m.a.RequestMappingHandlerMapping : Mapped "{[/emp/controller/updateEmp],methods=[PUT],consumes=[application/json],produces=[application/json]}" onto public org.springframework.http.ResponseEntity<com.accenture.lkm.model.Employee> com.accenture.lkm.controller.EmployeeController.updateEmployee(com.accenture.lkm.model.Employee)
2020-09-02 14:25:22.083  INFO 17324 --- [main] s.w.s.m.m.a.RequestMappingHandlerMapping : Mapped "{[/emp/controller/addEmp],methods=[POST],consumes=[application/json],produces=[text/html]}" onto public org.springframework.http.ResponseEntity<java.lang.String> com.accenture.lkm.controller.EmployeeController.addEmployee(com.accenture.lkm.model.Employee)
2020-09-02 14:25:22.084  INFO 17324 --- [main] s.w.s.m.m.a.RequestMappingHandlerMapping : Mapped "{[/emp/controller/deleteEmp/{id}],methods=[DELETE],produces=[application/json]}" onto public org.springframework.http.ResponseEntity<com.accenture.lkm.model.Employee> com.accenture.lkm.controller.EmployeeController.deleteEmployee(int)
2020-09-02 14:25:22.086  INFO 17324 --- [main] s.w.s.m.m.a.RequestMappingHandlerMapping : Mapped "{[/emp/controller/getDetails],methods=[GET],produces=[application/json]}" onto public org.springframework.http.ResponseEntity<java.util.Collection<com.accenture.lkm.model.Employee>> com.accenture.lkm.controller.EmployeeController.getEmployeeDetails()
2020-09-02 14:25:22.116  INFO 17324 --- [main] s.w.s.m.m.a.RequestMappingHandlerMapping : Mapped "{[/emp/controller/getDetailsById/{id}],methods=[GET],produces=[application/json]}" onto public org.springframework.http.ResponseEntity<com.accenture.lkm.model.Employee> com.accenture.lkm.controller.EmployeeController.getEmployeeDetailByEmployeeId(int)
2020-09-02 14:25:22.122  INFO 17324 --- [main] s.w.s.m.m.a.RequestMappingHandlerMapping : Mapped "{[/error]}" onto public org.springframework.http.ResponseEntity<java.util.Map<java.lang.String, java.lang.Object>> org.springframework.boot.autoconfigure.web.BasicErrorController.error(javax.servlet.http.HttpServletRequest)
2020-09-02 14:25:22.125  INFO 17324 --- [main] s.w.s.m.m.a.RequestMappingHandlerMapping : Mapped "{[/error],produces=[text/html]}" onto public org.springframework.web.servlet.ModelAndView org.springframework.boot.autoconfigure.web.BasicErrorController.errorHtml(javax.servlet.http.HttpServletRequest,javax.servlet.http.HttpServletResponse)
2020-09-02 14:25:22.278  INFO 17324 --- [main] o.s.w.s.handler.SimpleUrlHandlerMapping  : Mapped URL path [/webjars/**] onto handler of type [class org.springframework.web.servlet.resource.ResourceHttpRequestHandler]
2020-09-02 14:25:22.278  INFO 17324 --- [main] o.s.w.s.handler.SimpleUrlHandlerMapping  : Mapped URL path [/**] onto handler of type [class org.springframework.web.servlet.resource.ResourceHttpRequestHandler]
2020-09-02 14:25:22.347  INFO 17324 --- [main] o.s.w.s.handler.SimpleUrlHandlerMapping  : Mapped URL path [/**/favicon.ico] onto handler of type [class org.springframework.web.servlet.resource.ResourceHttpRequestHandler]
2020-09-02 14:25:22.564  INFO 17324 --- [main] o.s.j.e.a.AnnotationMBeanExporter        : Registering beans for JMX exposure on startup
2020-09-02 14:25:22.682  INFO 17324 --- [main] s.b.c.e.t.TomcatEmbeddedServletContainer : Tomcat started on port(s): 8090 (http)
2020-09-02 14:25:22.690  INFO 17324 --- [main] com.accenture.lkm.Application            : Started Application in 4.558 seconds (JVM running for 22.413)
2020-09-02 14:25:51.395  INFO 17324 --- [http-nio-8090-exec-1] o.a.c.c.C.[Tomcat].[localhost].[/]       : Initializing Spring FrameworkServlet 'dispatcherServlet'
2020-09-02 14:25:51.395  INFO 17324 --- [http-nio-8090-exec-1] o.s.web.servlet.DispatcherServlet        : FrameworkServlet 'dispatcherServlet': initialization started
2020-09-02 14:25:51.441  INFO 17324 --- [http-nio-8090-exec-1] o.s.web.servlet.DispatcherServlet        : FrameworkServlet 'dispatcherServlet': initialization completed in 46 ms
2020-09-02 14:25:51.496  INFO 17324 --- [http-nio-8090-exec-1] c.a.lkm.controller.EmployeeController    : From Producer method[getEmployeeDetails] start
2020-09-02 14:25:51.496 DEBUG 17324 --- [http-nio-8090-exec-1] c.a.lkm.controller.EmployeeController    : From Producer method[getEmployeeDetails] start
2020-09-02 14:25:51.497 DEBUG 17324 --- [http-nio-8090-exec-1] c.a.lkm.controller.EmployeeController    : From Producer method[getEmployeeDetails] end
2020-09-02 14:25:51.497  INFO 17324 --- [http-nio-8090-exec-1] c.a.lkm.controller.EmployeeController    : From Producer method[getEmployeeDetails] end
